kotlin version: 2.3.20
error message: Incremental compilation failed: The following FqNames can't be derived from DirtyData.dirtyLookupSymbols: com.abhay.crypto.data.remote.BinanceWebSocketService.
DirtyData = DirtyData(dirtyLookupSymbols=[LookupSymbol(name=Companion, scope=com.abhay.crypto.data.remote.BinanceWebSocketService), LookupSymbol(name=WatchListRepositoryImpl, scope=com.abhay.crypto.data.local), LookupSymbol(name=CoinPagingSource, scope=com.abhay.crypto.data.paging), LookupSymbol(name=<SAM-CONSTRUCTOR>, scope=com.abhay.crypto.data.remote.BinanceWebSocketService), LookupSymbol(name=MiniTickerDto, scope=com.abhay.crypto.data.remote.dto), LookupSymbol(name=DataStoreModule, scope=com.abhay.crypto.di), LookupSymbol(name=NetworkModule, scope=com.abhay.crypto.di), LookupSymbol(name=FolderRepositoryImpl, scope=com.abhay.crypto.data.folder), LookupSymbol(name=CoinMapper, scope=com.abhay.crypto.data.mapper), LookupSymbol(name=RepositoryModule, scope=com.abhay.crypto.di), LookupSymbol(name=CoinRepositoryImpl, scope=com.abhay.crypto.data.repository)], dirtyClassesFqNames=[com.abhay.crypto.di.NetworkModule, com.abhay.crypto.data.repository.CoinRepositoryImpl, com.abhay.crypto.data.mapper.CoinMapper, com.abhay.crypto.di.DataStoreModule, com.abhay.crypto.di.RepositoryModule, com.abhay.crypto.data.remote.BinanceWebSocketService.Companion, com.abhay.crypto.data.local.WatchListRepositoryImpl, com.abhay.crypto.data.paging.CoinPagingSource, com.abhay.crypto.data.remote.BinanceWebSocketService, com.abhay.crypto.data.folder.FolderRepositoryImpl, com.abhay.crypto.data.remote.dto.MiniTickerDto], dirtyClassesFqNamesForceRecompile=[])
java.lang.IllegalStateException: The following FqNames can't be derived from DirtyData.dirtyLookupSymbols: com.abhay.crypto.data.remote.BinanceWebSocketService.
DirtyData = DirtyData(dirtyLookupSymbols=[LookupSymbol(name=Companion, scope=com.abhay.crypto.data.remote.BinanceWebSocketService), LookupSymbol(name=WatchListRepositoryImpl, scope=com.abhay.crypto.data.local), LookupSymbol(name=CoinPagingSource, scope=com.abhay.crypto.data.paging), LookupSymbol(name=<SAM-CONSTRUCTOR>, scope=com.abhay.crypto.data.remote.BinanceWebSocketService), LookupSymbol(name=MiniTickerDto, scope=com.abhay.crypto.data.remote.dto), LookupSymbol(name=DataStoreModule, scope=com.abhay.crypto.di), LookupSymbol(name=NetworkModule, scope=com.abhay.crypto.di), LookupSymbol(name=FolderRepositoryImpl, scope=com.abhay.crypto.data.folder), LookupSymbol(name=CoinMapper, scope=com.abhay.crypto.data.mapper), LookupSymbol(name=RepositoryModule, scope=com.abhay.crypto.di), LookupSymbol(name=CoinRepositoryImpl, scope=com.abhay.crypto.data.repository)], dirtyClassesFqNames=[com.abhay.crypto.di.NetworkModule, com.abhay.crypto.data.repository.CoinRepositoryImpl, com.abhay.crypto.data.mapper.CoinMapper, com.abhay.crypto.di.DataStoreModule, com.abhay.crypto.di.RepositoryModule, com.abhay.crypto.data.remote.BinanceWebSocketService.Companion, com.abhay.crypto.data.local.WatchListRepositoryImpl, com.abhay.crypto.data.paging.CoinPagingSource, com.abhay.crypto.data.remote.BinanceWebSocketService, com.abhay.crypto.data.folder.FolderRepositoryImpl, com.abhay.crypto.data.remote.dto.MiniTickerDto], dirtyClassesFqNamesForceRecompile=[])
	at org.jetbrains.kotlin.incremental.classpathDiff.ClasspathChangesComputer.toProgramSymbols(ClasspathChangesComputer.kt:362)
	at org.jetbrains.kotlin.incremental.classpathDiff.ClasspathChangesComputer.computeFineGrainedKotlinClassChanges(ClasspathChangesComputer.kt:262)
	at org.jetbrains.kotlin.incremental.classpathDiff.ClasspathChangesComputer.computeKotlinClassChanges(ClasspathChangesComputer.kt:162)
	at org.jetbrains.kotlin.incremental.classpathDiff.ClasspathChangesComputer.computeClassChanges(ClasspathChangesComputer.kt:135)
	at org.jetbrains.kotlin.incremental.classpathDiff.ClasspathChangesComputer.computeChangedAndImpactedSet(ClasspathChangesComputer.kt:85)
	at org.jetbrains.kotlin.incremental.classpathDiff.ClasspathChangesComputer.computeClasspathChanges(ClasspathChangesComputer.kt:53)
	at org.jetbrains.kotlin.incremental.dirtyFiles.ClasspathSnapshotBasedImpactDeterminer.determineChangedAndImpactedSymbols(ClasspathSnapshotBasedImpactDeterminer.kt:40)
	at org.jetbrains.kotlin.incremental.dirtyFiles.JvmSourcesToCompileCalculator.calculateSourcesToCompileImpl(JvmSourcesToCompileCalculator.kt:40)
	at org.jetbrains.kotlin.incremental.dirtyFiles.JvmSourcesToCompileCalculator.calculateWithClasspathSnapshot(JvmSourcesToCompileCalculator.kt:96)
	at org.jetbrains.kotlin.incremental.IncrementalJvmCompilerRunner.calculateSourcesToCompile(IncrementalJvmCompilerRunner.kt:68)
	at org.jetbrains.kotlin.incremental.IncrementalJvmCompilerRunner.calculateSourcesToCompile(IncrementalJvmCompilerRunner.kt:26)
	at org.jetbrains.kotlin.incremental.IncrementalCompilerRunner.tryCompileIncrementally$lambda$0$compile(IncrementalCompilerRunner.kt:228)
	at org.jetbrains.kotlin.incremental.IncrementalCompilerRunner.tryCompileIncrementally(IncrementalCompilerRunner.kt:270)
	at org.jetbrains.kotlin.incremental.IncrementalCompilerRunner.compile(IncrementalCompilerRunner.kt:122)
	at org.jetbrains.kotlin.daemon.CompileServiceImplBase.execIncrementalCompiler(CompileServiceImpl.kt:764)
	at org.jetbrains.kotlin.daemon.CompileServiceImplBase.access$execIncrementalCompiler(CompileServiceImpl.kt:107)
	at org.jetbrains.kotlin.daemon.CompileServiceImpl.compile(CompileServiceImpl.kt:2026)
	at java.base/jdk.internal.reflect.DirectMethodHandleAccessor.invoke(Unknown Source)
	at java.base/java.lang.reflect.Method.invoke(Unknown Source)
	at java.rmi/sun.rmi.server.UnicastServerRef.dispatch(Unknown Source)
	at java.rmi/sun.rmi.transport.Transport$1.run(Unknown Source)
	at java.rmi/sun.rmi.transport.Transport$1.run(Unknown Source)
	at java.base/java.security.AccessController.doPrivileged(Unknown Source)
	at java.rmi/sun.rmi.transport.Transport.serviceCall(Unknown Source)
	at java.rmi/sun.rmi.transport.tcp.TCPTransport.handleMessages(Unknown Source)
	at java.rmi/sun.rmi.transport.tcp.TCPTransport$ConnectionHandler.run0(Unknown Source)
	at java.rmi/sun.rmi.transport.tcp.TCPTransport$ConnectionHandler.lambda$run$0(Unknown Source)
	at java.base/java.security.AccessController.doPrivileged(Unknown Source)
	at java.rmi/sun.rmi.transport.tcp.TCPTransport$ConnectionHandler.run(Unknown Source)
	at java.base/java.util.concurrent.ThreadPoolExecutor.runWorker(Unknown Source)
	at java.base/java.util.concurrent.ThreadPoolExecutor$Worker.run(Unknown Source)
	at java.base/java.lang.Thread.run(Unknown Source)


