kotlin version: 2.3.20
error message: Incremental compilation failed: The following FqNames can't be derived from DirtyData.dirtyLookupSymbols: com.abhay.crypto.domain.model.BookmarkFolder.
DirtyData = DirtyData(dirtyLookupSymbols=[LookupSymbol(name=ThemeKt, scope=com.abhay.crypto.presentation.theme), LookupSymbol(name=TypeKt, scope=com.abhay.crypto.presentation.theme), LookupSymbol(name=<SAM-CONSTRUCTOR>, scope=com.abhay.crypto.presentation.glance.widget), LookupSymbol(name=Purple80, scope=com.abhay.crypto.presentation.theme), LookupSymbol(name=CryptoWidgetContent, scope=com.abhay.crypto.presentation.glance.widget), LookupSymbol(name=PurpleGrey80, scope=com.abhay.crypto.presentation.theme), LookupSymbol(name=CryptoWidgetUIKt, scope=com.abhay.crypto.presentation.glance.widget), LookupSymbol(name=PurpleGrey40, scope=com.abhay.crypto.presentation.theme), LookupSymbol(name=Companion, scope=com.abhay.crypto.presentation.glance.widget.CryptoWidget), LookupSymbol(name=RefreshActionCallback, scope=com.abhay.crypto.presentation.glance.widget), LookupSymbol(name=<SAM-CONSTRUCTOR>, scope=com.abhay.crypto.presentation.glance.widget.CryptoWidget), LookupSymbol(name=Purple40, scope=com.abhay.crypto.presentation.theme), LookupSymbol(name=WidgetConfigurationActivity, scope=com.abhay.crypto.presentation.glance.widget), LookupSymbol(name=CryptoTheme, scope=com.abhay.crypto.presentation.theme), LookupSymbol(name=<SAM-CONSTRUCTOR>, scope=com.abhay.crypto.domain.model.BookmarkFolder.Companion), LookupSymbol(name=FolderRepository, scope=com.abhay.crypto.domain.repository), LookupSymbol(name=FOLDER_ID_KEY, scope=com.abhay.crypto.presentation.glance.widget.CryptoWidget.Companion), LookupSymbol(name=<SAM-CONSTRUCTOR>, scope=com.abhay.crypto.presentation.glance.widget.CryptoWidget.Companion), LookupSymbol(name=serializer, scope=com.abhay.crypto.domain.model.BookmarkFolder.Companion), LookupSymbol(name=CoinRepository, scope=com.abhay.crypto.domain.repository), LookupSymbol(name=Companion, scope=com.abhay.crypto.domain.model.BookmarkFolder), LookupSymbol(name=<SAM-CONSTRUCTOR>, scope=com.abhay.crypto.domain.model.BookmarkFolder), LookupSymbol(name=CryptoWidget, scope=com.abhay.crypto.presentation.glance.widget), LookupSymbol(name=CryptoWidgetEntryPoint, scope=com.abhay.crypto.presentation.glance.widget.CryptoWidget), LookupSymbol(name=NetworkMonitor, scope=com.abhay.crypto.domain), LookupSymbol(name=Pink40, scope=com.abhay.crypto.presentation.theme), LookupSymbol(name=Pink80, scope=com.abhay.crypto.presentation.theme), LookupSymbol(name=Typography, scope=com.abhay.crypto.presentation.theme), LookupSymbol(name=ColorKt, scope=com.abhay.crypto.presentation.theme), LookupSymbol(name=<SAM-CONSTRUCTOR>, scope=com.abhay.crypto.presentation.theme)], dirtyClassesFqNames=[com.abhay.crypto.presentation.glance.widget.CryptoWidget, com.abhay.crypto.presentation.theme, com.abhay.crypto.presentation.glance.widget.CryptoWidget.CryptoWidgetEntryPoint, com.abhay.crypto.presentation.theme.ColorKt, com.abhay.crypto.presentation.glance.widget.CryptoWidget.Companion, com.abhay.crypto.domain.repository.CoinRepository, com.abhay.crypto.domain.model.BookmarkFolder.Companion, com.abhay.crypto.domain.NetworkMonitor, com.abhay.crypto.domain.model.BookmarkFolder, com.abhay.crypto.presentation.theme.TypeKt, com.abhay.crypto.presentation.glance.widget.WidgetConfigurationActivity, com.abhay.crypto.presentation.glance.widget.CryptoWidgetUIKt, com.abhay.crypto.presentation.glance.widget.RefreshActionCallback, com.abhay.crypto.domain.repository.FolderRepository, com.abhay.crypto.presentation.theme.ThemeKt, com.abhay.crypto.presentation.glance.widget], dirtyClassesFqNamesForceRecompile=[])
java.lang.IllegalStateException: The following FqNames can't be derived from DirtyData.dirtyLookupSymbols: com.abhay.crypto.domain.model.BookmarkFolder.
DirtyData = DirtyData(dirtyLookupSymbols=[LookupSymbol(name=ThemeKt, scope=com.abhay.crypto.presentation.theme), LookupSymbol(name=TypeKt, scope=com.abhay.crypto.presentation.theme), LookupSymbol(name=<SAM-CONSTRUCTOR>, scope=com.abhay.crypto.presentation.glance.widget), LookupSymbol(name=Purple80, scope=com.abhay.crypto.presentation.theme), LookupSymbol(name=CryptoWidgetContent, scope=com.abhay.crypto.presentation.glance.widget), LookupSymbol(name=PurpleGrey80, scope=com.abhay.crypto.presentation.theme), LookupSymbol(name=CryptoWidgetUIKt, scope=com.abhay.crypto.presentation.glance.widget), LookupSymbol(name=PurpleGrey40, scope=com.abhay.crypto.presentation.theme), LookupSymbol(name=Companion, scope=com.abhay.crypto.presentation.glance.widget.CryptoWidget), LookupSymbol(name=RefreshActionCallback, scope=com.abhay.crypto.presentation.glance.widget), LookupSymbol(name=<SAM-CONSTRUCTOR>, scope=com.abhay.crypto.presentation.glance.widget.CryptoWidget), LookupSymbol(name=Purple40, scope=com.abhay.crypto.presentation.theme), LookupSymbol(name=WidgetConfigurationActivity, scope=com.abhay.crypto.presentation.glance.widget), LookupSymbol(name=CryptoTheme, scope=com.abhay.crypto.presentation.theme), LookupSymbol(name=<SAM-CONSTRUCTOR>, scope=com.abhay.crypto.domain.model.BookmarkFolder.Companion), LookupSymbol(name=FolderRepository, scope=com.abhay.crypto.domain.repository), LookupSymbol(name=FOLDER_ID_KEY, scope=com.abhay.crypto.presentation.glance.widget.CryptoWidget.Companion), LookupSymbol(name=<SAM-CONSTRUCTOR>, scope=com.abhay.crypto.presentation.glance.widget.CryptoWidget.Companion), LookupSymbol(name=serializer, scope=com.abhay.crypto.domain.model.BookmarkFolder.Companion), LookupSymbol(name=CoinRepository, scope=com.abhay.crypto.domain.repository), LookupSymbol(name=Companion, scope=com.abhay.crypto.domain.model.BookmarkFolder), LookupSymbol(name=<SAM-CONSTRUCTOR>, scope=com.abhay.crypto.domain.model.BookmarkFolder), LookupSymbol(name=CryptoWidget, scope=com.abhay.crypto.presentation.glance.widget), LookupSymbol(name=CryptoWidgetEntryPoint, scope=com.abhay.crypto.presentation.glance.widget.CryptoWidget), LookupSymbol(name=NetworkMonitor, scope=com.abhay.crypto.domain), LookupSymbol(name=Pink40, scope=com.abhay.crypto.presentation.theme), LookupSymbol(name=Pink80, scope=com.abhay.crypto.presentation.theme), LookupSymbol(name=Typography, scope=com.abhay.crypto.presentation.theme), LookupSymbol(name=ColorKt, scope=com.abhay.crypto.presentation.theme), LookupSymbol(name=<SAM-CONSTRUCTOR>, scope=com.abhay.crypto.presentation.theme)], dirtyClassesFqNames=[com.abhay.crypto.presentation.glance.widget.CryptoWidget, com.abhay.crypto.presentation.theme, com.abhay.crypto.presentation.glance.widget.CryptoWidget.CryptoWidgetEntryPoint, com.abhay.crypto.presentation.theme.ColorKt, com.abhay.crypto.presentation.glance.widget.CryptoWidget.Companion, com.abhay.crypto.domain.repository.CoinRepository, com.abhay.crypto.domain.model.BookmarkFolder.Companion, com.abhay.crypto.domain.NetworkMonitor, com.abhay.crypto.domain.model.BookmarkFolder, com.abhay.crypto.presentation.theme.TypeKt, com.abhay.crypto.presentation.glance.widget.WidgetConfigurationActivity, com.abhay.crypto.presentation.glance.widget.CryptoWidgetUIKt, com.abhay.crypto.presentation.glance.widget.RefreshActionCallback, com.abhay.crypto.domain.repository.FolderRepository, com.abhay.crypto.presentation.theme.ThemeKt, com.abhay.crypto.presentation.glance.widget], dirtyClassesFqNamesForceRecompile=[])
	at org.jetbrains.kotlin.incremental.classpathDiff.ClasspathChangesComputer.toProgramSymbols(ClasspathChangesComputer.kt:362)
	at org.jetbrains.kotlin.incremental.classpathDiff.ClasspathChangesComputer.computeFineGrainedKotlinClassChanges(ClasspathChangesComputer.kt:262)
	at org.jetbrains.kotlin.incremental.classpathDiff.ClasspathChangesComputer.computeKotlinClassChanges(ClasspathChangesComputer.kt:162)
	at org.jetbrains.kotlin.incremental.classpathDiff.ClasspathChangesComputer.computeClassChanges(ClasspathChangesComputer.kt:135)
	at org.jetbrains.kotlin.incremental.classpathDiff.ClasspathChangesComputer.computeChangedAndImpactedSet(ClasspathChangesComputer.kt:85)
	at org.jetbrains.kotlin.incremental.classpathDiff.ClasspathChangesComputer.computeClasspathChanges(ClasspathChangesComputer.kt:53)
	at org.jetbrains.kotlin.incremental.dirtyFiles.ClasspathSnapshotBasedImpactDeterminer.determineChangedAndImpactedSymbols(ClasspathSnapshotBasedImpactDeterminer.kt:40)
	at org.jetbrains.kotlin.incremental.dirtyFiles.JvmSourcesToCompileCalculator.calculateSourcesToCompileImpl(JvmSourcesToCompileCalculator.kt:40)
	at org.jetbrains.kotlin.incremental.dirtyFiles.JvmSourcesToCompileCalculator.calculateWithClasspathSnapshot(JvmSourcesToCompileCalculator.kt:96)
	at org.jetbrains.kotlin.incremental.IncrementalJvmCompilerRunner.calculateSourcesToCompile(IncrementalJvmCompilerRunner.kt:68)
	at org.jetbrains.kotlin.incremental.IncrementalJvmCompilerRunner.calculateSourcesToCompile(IncrementalJvmCompilerRunner.kt:26)
	at org.jetbrains.kotlin.incremental.IncrementalCompilerRunner.tryCompileIncrementally$lambda$0$compile(IncrementalCompilerRunner.kt:228)
	at org.jetbrains.kotlin.incremental.IncrementalCompilerRunner.tryCompileIncrementally(IncrementalCompilerRunner.kt:270)
	at org.jetbrains.kotlin.incremental.IncrementalCompilerRunner.compile(IncrementalCompilerRunner.kt:122)
	at org.jetbrains.kotlin.daemon.CompileServiceImplBase.execIncrementalCompiler(CompileServiceImpl.kt:764)
	at org.jetbrains.kotlin.daemon.CompileServiceImplBase.access$execIncrementalCompiler(CompileServiceImpl.kt:107)
	at org.jetbrains.kotlin.daemon.CompileServiceImpl.compile(CompileServiceImpl.kt:2026)
	at java.base/jdk.internal.reflect.DirectMethodHandleAccessor.invoke(Unknown Source)
	at java.base/java.lang.reflect.Method.invoke(Unknown Source)
	at java.rmi/sun.rmi.server.UnicastServerRef.dispatch(Unknown Source)
	at java.rmi/sun.rmi.transport.Transport$1.run(Unknown Source)
	at java.rmi/sun.rmi.transport.Transport$1.run(Unknown Source)
	at java.base/java.security.AccessController.doPrivileged(Unknown Source)
	at java.rmi/sun.rmi.transport.Transport.serviceCall(Unknown Source)
	at java.rmi/sun.rmi.transport.tcp.TCPTransport.handleMessages(Unknown Source)
	at java.rmi/sun.rmi.transport.tcp.TCPTransport$ConnectionHandler.run0(Unknown Source)
	at java.rmi/sun.rmi.transport.tcp.TCPTransport$ConnectionHandler.lambda$run$0(Unknown Source)
	at java.base/java.security.AccessController.doPrivileged(Unknown Source)
	at java.rmi/sun.rmi.transport.tcp.TCPTransport$ConnectionHandler.run(Unknown Source)
	at java.base/java.util.concurrent.ThreadPoolExecutor.runWorker(Unknown Source)
	at java.base/java.util.concurrent.ThreadPoolExecutor$Worker.run(Unknown Source)
	at java.base/java.lang.Thread.run(Unknown Source)


